2024-05-30T01:51:05.126Z - normal: Load ~/.CocosCreator/settings.json
2024-05-30T01:51:05.210Z - normal: Initializing Asset Database
2024-05-30T01:51:05.215Z - normal: checking language setting...
2024-05-30T01:51:05.215Z - normal: Language: zh
2024-05-30T01:51:05.816Z - success: preview server running at http://localhost:7457
2024-05-30T01:51:05.834Z - success: protocol editor-framework registered
2024-05-30T01:51:05.834Z - success: protocol app registered
2024-05-30T01:51:05.834Z - success: protocol theme registered
2024-05-30T01:51:05.835Z - success: protocol packages registered
2024-05-30T01:51:05.835Z - success: protocol uuid registerred
2024-05-30T01:51:05.835Z - success: protocol db registerred
2024-05-30T01:51:05.835Z - success: protocol thumbnail registerred
2024-05-30T01:51:05.835Z - success: protocol unpack registerred
2024-05-30T01:51:05.835Z - success: protocol disable-commonjs registerred
2024-05-30T01:51:06.112Z - normal: connected!
2024-05-30T01:51:06.113Z - normal: Check project /Users/mac/Desktop/All/Cocos/MyCocosPrac/MiniGameNew
2024-05-30T01:51:06.114Z - normal: Initializing project /Users/mac/Desktop/All/Cocos/MyCocosPrac/MiniGameNew
2024-05-30T01:51:06.136Z - success: adapters loaded
2024-05-30T01:51:06.142Z - success: asset-db-debugger loaded
2024-05-30T01:51:06.240Z - success: fb-audience-network loaded
2024-05-30T01:51:06.288Z - success: fb-live-stream loaded
2024-05-30T01:51:06.290Z - success: google-play-instant loaded
2024-05-30T01:51:06.296Z - success: huawei-runtime loaded
2024-05-30T01:51:06.297Z - success: jkw-adapter loaded
2024-05-30T01:51:06.298Z - success: jsb-adapter loaded
2024-05-30T01:51:06.303Z - success: oppo-runtime loaded
2024-05-30T01:51:06.309Z - success: package-manager loaded
2024-05-30T01:51:06.310Z - success: qtt-adapter loaded
2024-05-30T01:51:06.313Z - success: runtime-dev-tools loaded
2024-05-30T01:51:06.320Z - success: sdkbox loaded
2024-05-30T01:51:06.325Z - success: ui-kit-preview-extra loaded
2024-05-30T01:51:06.329Z - success: ui-kit-preview loaded
2024-05-30T01:51:06.335Z - success: vivo-runtime loaded
2024-05-30T01:51:06.338Z - success: alipay-minigame loaded
2024-05-30T01:51:06.394Z - success: assets loaded
2024-05-30T01:51:06.397Z - success: baidugame-opendata loaded
2024-05-30T01:51:06.399Z - success: baidugame loaded
2024-05-30T01:51:06.404Z - success: builder loaded
2024-05-30T01:51:06.595Z - success: cocos-services loaded
2024-05-30T01:51:06.601Z - success: console loaded
2024-05-30T01:51:06.615Z - success: fb-instant-games loaded
2024-05-30T01:51:06.619Z - success: game-window loaded
2024-05-30T01:51:06.621Z - success: google-instant-games loaded
2024-05-30T01:51:06.626Z - success: hierarchy loaded
2024-05-30T01:51:06.632Z - success: inspector loaded
2024-05-30T01:51:07.014Z - success: cpk-publish loaded
2024-05-30T01:51:07.018Z - success: keystore loaded
2024-05-30T01:51:07.027Z - success: node-library loaded
2024-05-30T01:51:07.030Z - success: open-recent-items loaded
2024-05-30T01:51:07.040Z - success: package-asset loaded
2024-05-30T01:51:07.049Z - success: preferences loaded
2024-05-30T01:51:07.054Z - success: project-exporter loaded
2024-05-30T01:51:07.059Z - success: project-importer loaded
2024-05-30T01:51:07.062Z - success: project-settings loaded
2024-05-30T01:51:07.076Z - success: qtt-runtime loaded
2024-05-30T01:51:07.082Z - success: scene loaded
2024-05-30T01:51:07.083Z - success: simulator-debugger loaded
2024-05-30T01:51:07.084Z - success: sprite-editor loaded
2024-05-30T01:51:07.089Z - success: store loaded
2024-05-30T01:51:07.094Z - success: timeline loaded
2024-05-30T01:51:07.096Z - success: wechatgame-opendata loaded
2024-05-30T01:51:07.101Z - success: wechatgame loaded
2024-05-30T01:51:07.105Z - success: xiaomi-runtime loaded
2024-05-30T01:51:07.138Z - success: ccc-references-finder loaded
2024-05-30T01:51:07.205Z - success: im-plugin loaded
2024-05-30T01:51:08.798Z - normal: 引擎编译中，首次编译需要较长时间，请稍等。
2024-05-30T01:51:09.930Z - info: Cocos Service load base data!
2024-05-30T01:51:42.442Z - normal: 检测到 JavaScript 引擎发生改动，已清空构建缓存。
2024-05-30T01:51:42.464Z - normal: Initializing Cocos2d
2024-05-30T01:51:42.907Z - normal: Initializing engine extends
2024-05-30T01:51:43.748Z - normal: Loading packages
2024-05-30T01:51:43.755Z - normal: Watching packages
2024-05-30T01:51:43.850Z - normal: Run Application
2024-05-30T01:53:23.863Z - normal: Start building with options : {
  "actualPlatform": "wechatgame",
  "android": {
    "packageName": ""
  },
  "android-instant": {
    "REMOTE_SERVER_ROOT": "",
    "host": "",
    "packageName": "",
    "pathPattern": "",
    "recordPath": "",
    "scheme": "https",
    "skipRecord": false
  },
  "apiLevel": "",
  "appABIs": [],
  "appBundle": false,
  "buildPath": "/Users/mac/Desktop/All/Cocos/MyCocosPrac/MiniGameNew/build/Debug",
  "debug": true,
  "dest": "/Users/mac/Desktop/All/Cocos/MyCocosPrac/MiniGameNew/build/Debug/wechatgame",
  "embedWebDebugger": false,
  "encryptJs": true,
  "excludeScenes": [],
  "excludedModules": [],
  "fb-instant-games": {},
  "includeSDKBox": false,
  "inlineSpriteFrames": false,
  "inlineSpriteFrames_native": true,
  "ios": {
    "packageName": ""
  },
  "mac": {
    "packageName": ""
  },
  "md5Cache": false,
  "mergeStartScene": false,
  "optimizeHotUpdate": false,
  "orientation": {
    "landscapeLeft": true,
    "landscapeRight": true,
    "portrait": false,
    "upsideDown": false
  },
  "packageName": "",
  "platform": "mini-game",
  "previewHeight": "720",
  "previewWidth": "1280",
  "scenes": [
    "00ca9be2-3c1b-4845-aa43-7f7af9c312c1"
  ],
  "sourceMaps": true,
  "startScene": "00ca9be2-3c1b-4845-aa43-7f7af9c312c1",
  "template": "link",
  "title": "MiniGameNew",
  "useDebugKeystore": true,
  "vsVersion": "auto",
  "webOrientation": "auto",
  "win32": {},
  "xxteaKey": "710fc37d-ebcf-4d",
  "zipCompressJs": true,
  "project": "/Users/mac/Desktop/All/Cocos/MyCocosPrac/MiniGameNew",
  "projectName": "MiniGameNew",
  "debugBuildWorker": false
}
2024-05-30T01:53:23.865Z - normal: Building /Users/mac/Desktop/All/Cocos/MyCocosPrac/MiniGameNew
2024-05-30T01:53:23.865Z - normal: Destination /Users/mac/Desktop/All/Cocos/MyCocosPrac/MiniGameNew/build/Debug/wechatgame
2024-05-30T01:53:23.947Z - normal: Delete /Users/mac/Desktop/All/Cocos/MyCocosPrac/MiniGameNew/build/Debug/wechatgame/**/*,/Users/mac/Desktop/All/Cocos/MyCocosPrac/MiniGameNew/build/Debug/wechatgame/subpackages/**/*,!/Users/mac/Desktop/All/Cocos/MyCocosPrac/MiniGameNew/build/Debug/wechatgame/game.json,!/Users/mac/Desktop/All/Cocos/MyCocosPrac/MiniGameNew/build/Debug/wechatgame/project.config.json
2024-05-30T01:54:09.999Z - normal: Start building assets
2024-05-30T01:54:09.999Z - normal: Start spawn build-worker
2024-05-30T01:54:10.597Z - normal: Finish spawn build-worker
2024-05-30T01:54:10.597Z - normal: Start init build-worker
2024-05-30T01:54:13.345Z - normal: Finish init build-worker
2024-05-30T01:54:13.346Z - normal: Start build-assets in worker
2024-05-30T01:54:13.670Z - normal: Finish build-assets in worker
2024-05-30T01:54:13.673Z - normal: Finish building assets
2024-05-30T01:54:13.688Z - normal: Start building plugin scripts
2024-05-30T01:54:15.608Z - normal: Built wechatgame successfully
2024-05-30T07:55:44.910Z - info: shutdown preview server
